2.200000 0.001084 17.028983 0.252723 2.555090 3.057290 0.682022
2.200000 0.001626 16.052263 0.215235 2.576440 2.572330 0.521901
2.200000 0.002168 15.058441 0.217733 2.611370 2.152470 0.502492
2.200000 0.002710 14.541688 0.213203 2.668350 1.797260 0.469363
2.200000 0.003252 14.148427 0.200655 2.732050 1.504400 0.428294
2.200000 0.003794 13.781331 0.166486 2.797820 1.270130 0.357678
2.200000 0.004336 13.126061 0.159024 2.895090 1.089570 0.329734
2.200000 0.004878 12.554481 0.161714 2.982790 0.957042 0.338770
2.200000 0.005420 12.079733 0.158623 3.112130 0.866367 0.343218
2.200000 0.005962 11.760824 0.156638 3.261940 0.811092 0.325105
2.200000 0.006504 11.369473 0.140297 3.411050 0.784730 0.300977
2.200000 0.007046 10.956176 0.138754 3.614680 0.780949 0.297945
2.200000 0.007588 10.532799 0.157547 3.830770 0.793739 0.323453
2.200000 0.008130 10.229305 0.153770 4.045710 0.817547 0.332911
2.200000 0.008672 9.875790 0.143937 4.311080 0.847392 0.333054
2.200000 0.009214 9.504477 0.156045 4.585530 0.878952 0.335694
2.200000 0.009756 9.151449 0.141017 4.876550 0.908626 0.346333
2.200000 0.010298 8.785481 0.142325 5.276820 0.933581 0.353607
2.200000 0.010840 8.490747 0.147555 5.707150 0.951764 0.390076
2.200000 0.011382 8.282764 0.148358 6.229200 0.961913 0.402174
2.200000 0.011924 8.007346 0.147687 6.777560 0.963528 0.405644
2.200000 0.012466 7.790462 0.147480 7.445720 0.956842 0.405700
2.200000 0.013008 7.592974 0.149974 8.196550 0.942761 0.429422
2.200000 0.013550 7.348202 0.164986 9.066780 0.922803 0.476658
2.200000 0.014092 7.154076 0.165457 10.043800 0.899006 0.473567
2.200000 0.014634 6.949303 0.172342 11.249600 0.873839 0.492439
2.200000 0.015176 6.719267 0.189565 12.564200 0.850084 0.526694
2.200000 0.015718 6.537952 0.199393 14.119700 0.830727 0.543125
2.200000 0.016260 6.314921 0.209376 15.962200 0.818817 0.551767
2.200000 0.016802 6.098898 0.218169 18.228600 0.817334 0.586834
2.200000 0.017344 5.971215 0.257193 20.887000 0.829039 0.619889
2.200000 0.017886 5.793240 0.284435 23.792100 0.856324 0.621723
2.200000 0.018428 5.626690 0.297656 27.435300 0.901050 0.603205
2.200000 0.018970 5.484709 0.347715 31.651900 0.964386 0.678673
2.200000 0.019512 5.319101 0.376181 36.660000 1.046640 0.693339
2.400000 0.001084 22.271271 0.266895 2.358690 3.400930 0.711084
2.400000 0.001626 20.852920 0.219204 2.380080 2.841730 0.499443
2.400000 0.002168 19.529039 0.225960 2.413260 2.361120 0.464215
2.400000 0.002710 18.952670 0.219956 2.454210 1.957250 0.438566
2.400000 0.003252 18.408868 0.208089 2.506250 1.626210 0.392350
2.400000 0.003794 17.786117 0.170779 2.569300 1.362580 0.326998
2.400000 0.004336 16.921485 0.162106 2.646360 1.159810 0.307330
2.400000 0.004878 16.213730 0.166569 2.731380 1.010650 0.316598
2.400000 0.005420 15.641681 0.158250 2.841760 0.907451 0.323263
2.400000 0.005962 15.165843 0.159392 2.960480 0.842462 0.310102
2.400000 0.006504 14.629838 0.137527 3.098530 0.808101 0.291429
2.400000 0.007046 14.069997 0.138301 3.263550 0.797142 0.284216
2.400000 0.007588 13.564932 0.158703 3.434020 0.802890 0.316747
2.400000 0.008130 13.151212 0.148407 3.616180 0.819314 0.326883
2.400000 0.008672 12.616457 0.140832 3.836660 0.841145 0.331553
2.400000 0.009214 12.147167 0.171551 4.050530 0.863942 0.351757
2.400000 0.009756 11.696308 0.131547 4.279130 0.884132 0.335200
2.400000 0.010298 11.201781 0.132646 4.591950 0.899022 0.361576
2.400000 0.010840 10.952353 0.139575 4.943980 0.906781 0.393024
2.400000 0.011382 10.639011 0.137218 5.335910 0.906411 0.409321
2.400000 0.011924 10.288453 0.137647 5.798270 0.897689 0.425993
2.400000 0.012466 10.070434 0.133149 6.310520 0.881093 0.428721
2.400000 0.013008 9.733773 0.138775 6.905590 0.857719 0.457530
2.400000 0.013550 9.438111 0.144751 7.580710 0.829176 0.499654
2.400000 0.014092 9.208262 0.146330 8.352790 0.797480 0.514068
2.400000 0.014634 8.887055 0.151001 9.246660 0.764932 0.530804
2.400000 0.015176 8.642544 0.156494 10.260400 0.733996 0.543665
2.400000 0.015718 8.389835 0.163463 11.436800 0.707171 0.566180
2.400000 0.016260 8.075802 0.177181 12.801200 0.686865 0.591287
2.400000 0.016802 7.892934 0.180491 14.520600 0.675263 0.647899
2.400000 0.017344 7.670221 0.208318 16.451500 0.674211 0.659806
2.400000 0.017886 7.442660 0.218877 18.644200 0.685093 0.665584
2.400000 0.018428 7.260523 0.236332 21.218400 0.708726 0.648128
2.400000 0.018970 7.053903 0.266879 24.226600 0.745262 0.708050
2.400000 0.019512 6.878139 0.287854 27.907100 0.794102 0.774484
2.600000 0.001084 28.513802 0.334273 2.433010 3.025090 0.866646
2.600000 0.001626 26.547570 0.277338 2.454090 2.530430 0.604805
2.600000 0.002168 24.861167 0.296350 2.482300 2.104810 0.551814
2.600000 0.002710 24.218167 0.290542 2.523890 1.746780 0.506928
2.600000 0.003252 23.426216 0.272653 2.567390 1.453050 0.457684
2.600000 0.003794 22.466562 0.229203 2.628320 1.218970 0.374299
2.600000 0.004336 21.344914 0.215305 2.699110 1.038880 0.352054
2.600000 0.004878 20.546991 0.215888 2.775780 0.906445 0.350675
2.600000 0.005420 19.810146 0.200258 2.881540 0.814971 0.355057
2.600000 0.005962 19.110970 0.209569 2.988870 0.757649 0.344665
2.600000 0.006504 18.432811 0.176004 3.107300 0.727783 0.323397
2.600000 0.007046 17.726847 0.180234 3.269390 0.718971 0.315410
2.600000 0.007588 17.093434 0.200159 3.434250 0.725259 0.350251
2.600000 0.008130 16.464119 0.189316 3.588830 0.741263 0.361355
2.600000 0.008672 15.799981 0.177712 3.788590 0.762257 0.357211
2.600000 0.009214 15.270586 0.197449 4.003980 0.784240 0.368034
2.600000 0.009756 14.633054 0.167711 4.198950 0.803976 0.371730
2.600000 0.010298 14.138299 0.167492 4.471610 0.819004 0.389168
2.600000 0.010840 13.922380 0.167643 4.786990 0.827634 0.426172
2.600000 0.011382 13.389694 0.166887 5.138180 0.828920 0.433937
2.600000 0.011924 13.038269 0.166391 5.538040 0.822620 0.450936
2.600000 0.012466 12.669575 0.161192 5.988340 0.809128 0.457609
2.600000 0.013008 12.175238 0.166621 6.495100 0.789405 0.486349
2.600000 0.013550 11.928416 0.172537 7.074570 0.764896 0.532107
2.600000 0.014092 11.556075 0.169766 7.728340 0.737426 0.542393
2.600000 0.014634 11.198526 0.173255 8.474500 0.709106 0.542485
2.600000 0.015176 10.929096 0.174295 9.320480 0.682214 0.563207
2.600000 0.015718 10.513996 0.187059 10.294400 0.659087 0.603809
2.600000 0.016260 10.222501 0.194198 11.410400 0.642002 0.624729
2.600000 0.016802 9.955064 0.189557 12.831200 0.633062 0.640907
2.600000 0.017344 9.657236 0.217634 14.362000 0.634077 0.669585
2.600000 0.017886 9.405847 0.226202 16.128300 0.646455 0.657441
2.600000 0.018428 9.161497 0.244345 18.145900 0.671096 0.698180
2.600000 0.018970 8.936464 0.268347 20.512600 0.708295 0.730023
2.600000 0.019512 8.736812 0.289505 23.357200 0.757650 0.805122
2.800000 0.001084 35.930019 0.435555 2.948540 3.104700 0.979647
2.800000 0.001626 33.298525 0.361874 2.966160 2.631060 0.624697
2.800000 0.002168 31.290962 0.377102 3.000550 2.217620 0.526273
2.800000 0.002710 30.488839 0.350965 3.046730 1.865250 0.456687
2.800000 0.003252 29.329791 0.325954 3.099920 1.572870 0.383259
2.800000 0.003794 27.944496 0.272780 3.169060 1.337850 0.311700
2.800000 0.004336 26.582500 0.259295 3.240780 1.156320 0.283996
2.800000 0.004878 25.704950 0.264436 3.337560 1.023400 0.291404
2.800000 0.005420 24.655365 0.255077 3.436850 0.933548 0.299292
2.800000 0.005962 23.719827 0.256370 3.566890 0.880757 0.296197
2.800000 0.006504 22.867281 0.213275 3.707600 0.858793 0.276694
2.800000 0.007046 22.036944 0.219468 3.877860 0.861401 0.282196
2.800000 0.007588 21.159722 0.238799 4.053940 0.882484 0.312833
2.800000 0.008130 20.310517 0.229164 4.236560 0.916266 0.332795
2.800000 0.008672 19.573001 0.224635 4.458130 0.957428 0.352212
2.800000 0.009214 18.942013 0.252552 4.676160 1.001230 0.365580
2.800000 0.009756 18.057052 0.203041 4.893400 1.043600 0.371808
2.800000 0.010298 17.717255 0.202075 5.195220 1.081230 0.397736
2.800000 0.010840 17.252893 0.208464 5.534600 1.111600 0.444174
2.800000 0.011382 16.626999 0.205323 5.911940 1.133040 0.462427
2.800000 0.011924 16.250646 0.195546 6.343610 1.144720 0.463451
2.800000 0.012466 15.588781 0.202500 6.821340 1.146670 0.491515
2.800000 0.013008 15.164752 0.198553 7.360470 1.139730 0.512286
2.800000 0.013550 14.815879 0.204234 7.970650 1.125520 0.559346
2.800000 0.014092 14.275870 0.203995 8.672290 1.106340 0.570929
2.800000 0.014634 13.933455 0.207493 9.454930 1.085130 0.585246
2.800000 0.015176 13.474250 0.206513 10.343600 1.065320 0.584153
2.800000 0.015718 13.047142 0.214941 11.368000 1.050710 0.622444
2.800000 0.016260 12.725008 0.228787 12.514400 1.045350 0.666507
2.800000 0.016802 12.356855 0.228123 13.903700 1.053350 0.677920
2.800000 0.017344 12.011822 0.256099 15.509500 1.078670 0.715030
2.800000 0.017886 11.700699 0.271982 17.269300 1.124970 0.738411
2.800000 0.018428 11.420406 0.298372 19.328500 1.195320 0.744441
2.800000 0.018970 11.156160 0.308277 21.677100 1.292020 0.742083
2.800000 0.019512 10.912250 0.328884 24.617900 1.416280 0.794408
3.000000 0.001084 45.073478 0.603730 3.130330 3.352440 1.136460
3.000000 0.001626 41.427759 0.499371 3.150440 2.866990 0.709742
3.000000 0.002168 39.021957 0.507366 3.185280 2.438430 0.581318
3.000000 0.002710 38.005407 0.486703 3.229990 2.069450 0.500279
3.000000 0.003252 36.209032 0.462556 3.286780 1.760670 0.424288
3.000000 0.003794 34.316098 0.385472 3.352880 1.510890 0.336986
3.000000 0.004336 32.779190 0.372072 3.434520 1.317380 0.311036
3.000000 0.004878 31.705391 0.366541 3.522910 1.176150 0.309586
3.000000 0.005420 30.185442 0.357970 3.608080 1.082210 0.318865
3.000000 0.005962 29.087024 0.354898 3.765450 1.029820 0.311855
3.000000 0.006504 28.069010 0.307408 3.888250 1.012730 0.299526
3.000000 0.007046 26.995660 0.300005 4.066100 1.024450 0.299885
3.000000 0.007588 25.808445 0.337690 4.238220 1.058380 0.342444
3.000000 0.008130 24.822371 0.316426 4.417810 1.108120 0.364088
3.000000 0.008672 24.087741 0.301487 4.634740 1.167540 0.376004
3.000000 0.009214 23.235871 0.356324 4.733560 1.231060 0.385266
3.000000 0.009756 22.347154 0.276741 5.059840 1.293700 0.404738
3.000000 0.010298 21.956985 0.279113 5.352130 1.351290 0.455130
3.000000 0.010840 21.163889 0.281402 5.687460 1.400510 0.485852
3.000000 0.011382 20.609815 0.287301 6.047070 1.439010 0.519705
3.000000 0.011924 19.968668 0.275854 6.475750 1.465490 0.528845
3.000000 0.012466 19.138670 0.269453 6.947820 1.479660 0.546938
3.000000 0.013008 18.880542 0.272930 7.467920 1.482330 0.573408
3.000000 0.013550 18.188149 0.284704 8.071620 1.475340 0.640228
3.000000 0.014092 17.641879 0.272686 8.739290 1.461510 0.624533
3.000000 0.014634 17.192962 0.284437 9.497370 1.444600 0.670536
3.000000 0.015176 16.670477 0.285058 10.354900 1.429150 0.686514
3.000000 0.015718 16.270691 0.300032 11.327600 1.420350 0.717449
3.000000 0.016260 15.810417 0.312036 12.442000 1.423870 0.751502
3.000000 0.016802 15.388468 0.295679 13.698900 1.445610 0.759560
3.000000 0.017344 15.017601 0.342382 15.309300 1.491490 0.831139
3.000000 0.017886 14.649778 0.338371 16.994200 1.567130 0.785178
3.000000 0.018428 14.299996 0.379639 18.915500 1.677520 0.838771
3.000000 0.018970 13.964391 0.380928 21.152200 1.826620 0.821754
3.000000 0.019512 13.588432 0.412841 23.803200 2.017000 0.894546
3.200000 0.001084 54.288122 0.887821 3.591850 3.794990 1.409990
3.200000 0.001626 50.109035 0.713156 3.623270 3.231980 0.859405
3.200000 0.002168 47.435291 0.741552 3.651860 2.737580 0.725079
3.200000 0.002710 46.061152 0.716859 3.703220 2.313920 0.603780
3.200000 0.003252 43.768559 0.663774 3.764630 1.960780 0.513133
3.200000 0.003794 41.292968 0.594790 3.841450 1.675960 0.426733
3.200000 0.004336 39.622247 0.551220 3.926200 1.455600 0.382779
3.200000 0.004878 38.224157 0.555172 4.023040 1.294540 0.378429
3.200000 0.005420 36.251099 0.514517 4.174660 1.186600 0.381122
3.200000 0.005962 35.015807 0.509063 4.288420 1.124900 0.366382
3.200000 0.006504 33.776223 0.460536 4.492310 1.102120 0.364549
3.200000 0.007046 32.362582 0.475491 4.629780 1.110770 0.372692
3.200000 0.007588 30.944808 0.469184 4.861300 1.143390 0.401253
3.200000 0.008130 29.771484 0.449957 5.032670 1.192810 0.414697
3.200000 0.008672 29.017328 0.444837 5.266140 1.252320 0.442065
3.200000 0.009214 27.718436 0.550638 5.510530 1.315800 0.469682
3.200000 0.009756 26.972423 0.415481 5.734350 1.377960 0.476998
3.200000 0.010298 26.332666 0.414001 6.045920 1.434350 0.516995
3.200000 0.010840 25.290835 0.425278 6.406330 1.481550 0.573753
3.200000 0.011382 24.681739 0.407506 6.826330 1.517170 0.598322
3.200000 0.011924 23.628567 0.404954 7.265780 1.539950 0.620937
3.200000 0.012466 23.052419 0.395889 7.759390 1.549740 0.632598
3.200000 0.013008 22.510448 0.388402 8.352800 1.547490 0.653406
3.200000 0.013550 21.654409 0.413750 8.973520 1.535240 0.742895
3.200000 0.014092 21.149412 0.423033 9.693350 1.516020 0.786154
3.200000 0.014634 20.472002 0.405221 10.509900 1.493770 0.771101
3.200000 0.015176 19.901580 0.411432 11.416100 1.473200 0.817185
3.200000 0.015718 19.385665 0.437534 12.461700 1.459620 0.846527
3.200000 0.016260 18.863970 0.428371 13.625300 1.458780 0.886884
3.200000 0.016802 18.345792 0.439744 15.173300 1.476590 0.962389
3.200000 0.017344 17.848262 0.490065 16.729000 1.518920 0.952925
3.200000 0.017886 17.401524 0.476098 18.490100 1.591240 0.922899
3.200000 0.018428 17.011859 0.520983 20.532200 1.698350 0.993331
3.200000 0.018970 16.612785 0.562162 22.860600 1.843960 1.089860
3.200000 0.019512 16.016609 0.585342 25.907200 2.030320 1.122810
3.400000 0.001084 65.446817 1.206620 4.691480 4.159480 1.714870
3.400000 0.001626 60.405906 1.054010 4.722860 3.530970 1.175180
3.400000 0.002168 57.312263 1.028050 4.765070 2.981230 1.008690
3.400000 0.002710 55.318938 1.002800 4.837350 2.511820 0.857478
3.400000 0.003252 52.432676 0.926695 4.905560 2.121720 0.745984
3.400000 0.003794 49.276171 0.819020 4.998660 1.807790 0.664856
3.400000 0.004336 47.555884 0.774383 5.113460 1.565160 0.620658
3.400000 0.004878 45.572246 0.771657 5.243900 1.387620 0.588500
3.400000 0.005420 43.263568 0.711182 5.389840 1.267960 0.581717
3.400000 0.005962 41.860870 0.745474 5.563150 1.198310 0.577543
3.400000 0.006504 40.357113 0.623433 5.754620 1.170430 0.526117
3.400000 0.007046 38.484300 0.628654 5.983050 1.175990 0.510357
3.400000 0.007588 36.811243 0.713405 6.294030 1.206840 0.572336
3.400000 0.008130 35.608114 0.690452 6.470030 1.255180 0.601578
3.400000 0.008672 34.658536 0.618241 6.767990 1.313810 0.583333
3.400000 0.009214 32.957964 0.752908 7.116110 1.376270 0.615673
3.400000 0.009756 32.430686 0.587465 7.350460 1.436970 0.602011
3.400000 0.010298 31.264783 0.599963 7.746370 1.491330 0.665414
3.400000 0.010840 30.266790 0.599024 8.205080 1.535840 0.694510
3.400000 0.011382 29.350902 0.580090 8.714350 1.568130 0.697032
3.400000 0.011924 28.125520 0.619492 9.249230 1.587010 0.784892
3.400000 0.012466 27.763144 0.591404 9.898100 1.592430 0.788653
3.400000 0.013008 26.722168 0.597319 10.596200 1.585500 0.840061
3.400000 0.013550 25.937947 0.584208 11.389200 1.568400 0.835621
3.400000 0.014092 25.233188 0.639579 12.265200 1.544310 0.962050
3.400000 0.014634 24.487479 0.585647 13.254600 1.517280 0.984940
3.400000 0.015176 23.871723 0.624544 14.398900 1.492120 0.982105
3.400000 0.015718 23.246951 0.644593 15.601200 1.474180 1.050560
3.400000 0.016260 22.617604 0.655411 17.048100 1.469160 1.070240
3.400000 0.016802 21.974300 0.652484 18.795300 1.482920 1.116570
3.400000 0.017344 21.369237 0.707566 20.728100 1.521160 1.157390
3.400000 0.017886 20.863641 0.777553 22.865500 1.589160 1.228970
3.400000 0.018428 20.485473 0.790519 25.279100 1.691420 1.192160
3.400000 0.018970 19.761727 0.857607 28.065400 1.831370 1.260010
3.400000 0.019512 19.265606 0.816012 31.365100 2.010930 1.238240
3.600000 0.001084 78.422795 1.794530 4.939850 3.784520 3.027650
3.600000 0.001626 72.453537 1.666280 4.972600 3.219300 2.633860
3.600000 0.002168 68.815038 1.670540 5.015670 2.723670 2.473040
3.600000 0.002710 66.009040 1.700000 5.089650 2.299510 2.514310
3.600000 0.003252 62.430286 1.497540 5.147840 1.946340 2.214630
3.600000 0.003794 58.543437 1.442400 5.261370 1.661730 2.033770
3.600000 0.004336 56.837416 1.271550 5.365080 1.441620 1.836560
3.600000 0.004878 54.043614 1.277720 5.490400 1.280660 1.768790
3.600000 0.005420 51.510016 1.214630 5.600620 1.172580 1.732160
3.600000 0.005962 49.811123 1.262720 5.819800 1.110380 1.657450
3.600000 0.006504 47.956913 1.145170 5.944420 1.086700 1.563040
3.600000 0.007046 45.588056 1.047040 6.249850 1.094030 1.425340
3.600000 0.007588 43.634768 1.209350 6.418740 1.124950 1.447620
3.600000 0.008130 42.530607 1.148480 6.736030 1.172310 1.402510
3.600000 0.008672 41.037094 1.031080 7.045980 1.229480 1.399940
3.600000 0.009214 39.414245 1.253070 7.318430 1.290440 1.373590
3.600000 0.009756 38.616600 1.001810 7.609070 1.349970 1.246760
3.600000 0.010298 36.987219 1.010410 8.045030 1.403750 1.205280
3.600000 0.010840 36.132387 0.993917 8.492510 1.448440 1.247500
3.600000 0.011382 34.720711 1.003780 9.045390 1.481740 1.260230
3.600000 0.011924 33.736238 0.963432 9.548990 1.502450 1.197040
3.600000 0.012466 32.930292 0.967316 10.195300 1.510460 1.200830
3.600000 0.013008 31.727175 0.925650 10.911400 1.506740 1.199910
3.600000 0.013550 30.936092 0.946603 11.671400 1.493320 1.273310
3.600000 0.014092 30.041489 1.040850 12.585500 1.473150 1.246120
3.600000 0.014634 29.249524 0.979225 13.606500 1.450090 1.256780
3.600000 0.015176 28.506891 1.014210 14.670700 1.428710 1.325870
3.600000 0.015718 27.761021 1.037340 16.002900 1.414160 1.330850
3.600000 0.016260 26.976714 1.012320 17.277700 1.411970 1.341760
3.600000 0.016802 26.147508 1.060080 18.823500 1.427840 1.347580
3.600000 0.017344 25.513478 1.111240 20.871700 1.467360 1.462910
3.600000 0.017886 25.030773 1.098420 22.873900 1.535760 1.476530
3.600000 0.018428 24.301252 1.172870 25.395400 1.637590 1.489370
3.600000 0.018970 23.604544 1.270500 28.144500 1.776320 1.597590
3.600000 0.019512 23.111882 1.439750 30.943400 1.954010 1.755560
3.800000 0.001084 93.761778 3.338740 5.240710 3.685230 4.179680
3.800000 0.001626 86.774229 3.256180 5.285910 3.165710 3.713450
3.800000 0.002168 82.421141 3.412570 5.343240 2.704300 3.726540
3.800000 0.002710 78.622537 2.941150 5.385120 2.304940 3.075620
3.800000 0.003252 74.146670 3.065640 5.479150 1.969270 2.930520
3.800000 0.003794 69.561460 2.698680 5.564040 1.696870 2.841090
3.800000 0.004336 67.906021 2.496830 5.699050 1.485510 2.474730
3.800000 0.004878 64.075936 2.290800 5.831240 1.331510 2.203930
3.800000 0.005420 61.388986 2.349180 5.957920 1.229910 2.283380
3.800000 0.005962 59.274830 2.329150 6.225680 1.174830 2.223650
3.800000 0.006504 56.822436 2.188360 6.381020 1.159650 2.017270
3.800000 0.007046 54.061546 2.148330 6.660630 1.177360 1.881460
3.800000 0.007588 51.758109 2.206010 6.938330 1.220730 1.842800
3.800000 0.008130 50.858289 2.090300 7.200770 1.282600 1.802670
3.800000 0.008672 48.575354 1.837020 7.492970 1.356060 1.618090
3.800000 0.009214 47.108426 2.292160 7.557570 1.434680 1.630130
3.800000 0.009756 45.687650 1.877270 8.130560 1.512720 1.628960
3.800000 0.010298 44.091461 2.022720 8.557270 1.585230 1.629580
3.800000 0.010840 43.035635 1.704590 9.071370 1.648260 1.552860
3.800000 0.011382 41.184283 1.974970 9.627610 1.698930 1.505860
3.800000 0.011924 40.383983 1.790360 10.217200 1.735560 1.527540
3.800000 0.012466 39.022521 1.894010 10.849700 1.757690 1.585320
3.800000 0.013008 37.840010 1.736030 11.699400 1.766140 1.510300
3.800000 0.013550 36.830799 1.868820 12.467900 1.762990 1.592590
3.800000 0.014092 35.848723 2.046580 13.396200 1.751530 1.733050
3.800000 0.014634 34.917697 1.906210 14.570300 1.736200 1.564140
3.800000 0.015176 34.065998 1.852720 15.647000 1.722440 1.577090
3.800000 0.015718 33.113143 2.042870 17.117100 1.716550 1.832740
3.800000 0.016260 32.089502 1.925600 18.490700 1.725460 1.650250
3.800000 0.016802 31.231014 1.730330 20.222000 1.756490 1.568570
3.800000 0.017344 30.561541 1.940130 22.314900 1.816990 1.747640
3.800000 0.017886 29.853868 2.275190 24.407400 1.914080 1.910070
3.800000 0.018428 28.894449 2.285220 27.151100 2.054100 2.122980
3.800000 0.018970 28.327094 2.284990 29.792100 2.242280 2.265800
3.800000 0.019512 27.636503 2.074280 33.131300 2.482080 2.088680
4.000000 0.001084 112.144205 6.159460 6.362080 4.576720 2.892270
4.000000 0.001626 104.001368 6.775550 6.454350 3.978980 2.446100
4.000000 0.002168 98.715321 5.469640 6.507740 3.438550 1.793550
4.000000 0.002710 93.751066 5.547650 6.595380 2.963610 1.709160
4.000000 0.003252 88.257515 4.376070 6.722620 2.559390 1.568170
4.000000 0.003794 83.241407 4.435440 6.867990 2.228370 1.357990
4.000000 0.004336 81.281705 4.288070 7.038780 1.970480 1.342970
4.000000 0.004878 76.182663 4.606220 7.199020 1.783410 1.359090
4.000000 0.005420 73.378219 4.181470 7.475180 1.662860 1.340310
4.000000 0.005962 70.707984 4.329130 7.711580 1.602860 1.338590
4.000000 0.006504 67.536188 3.652790 7.953540 1.596130 1.207320
4.000000 0.007046 64.336511 3.447190 8.374990 1.634370 1.052140
4.000000 0.007588 61.989946 3.869750 8.813580 1.708630 1.146680
4.000000 0.008130 60.758579 3.493600 9.140750 1.809660 1.219860
4.000000 0.008672 57.668506 3.887880 9.572420 1.928230 1.285890
4.000000 0.009214 56.396011 3.326320 9.906290 2.055490 1.122300
4.000000 0.009756 54.284965 3.394610 10.542700 2.183240 1.380630
4.000000 0.010298 52.843411 3.496800 11.044700 2.304250 1.475020
4.000000 0.010840 51.193788 3.473790 11.995200 2.412520 1.508090
4.000000 0.011382 49.430753 3.364640 12.613300 2.503490 1.568080
4.000000 0.011924 48.159484 3.390790 13.535400 2.574280 1.629430
4.000000 0.012466 46.522695 3.195850 14.551200 2.623800 1.504420
4.000000 0.013008 45.217497 3.530760 15.703900 2.652840 1.696130
4.000000 0.013550 44.055280 3.298940 17.203500 2.664180 1.934350
4.000000 0.014092 42.869797 3.069990 18.126600 2.662520 1.620890
4.000000 0.014634 41.804209 3.816680 20.058900 2.654430 2.034430
4.000000 0.015176 40.728818 3.335190 21.883400 2.648200 2.008150
4.000000 0.015718 39.542425 3.263440 23.993500 2.653610 2.265760
4.000000 0.016260 38.357365 3.688240 26.210000 2.681660 2.422180
4.000000 0.016802 37.432182 4.026460 29.175400 2.744120 2.860490
4.000000 0.017344 36.689494 3.791850 32.147600 2.853120 2.479690
4.000000 0.017886 35.548958 4.436150 35.979800 3.020520 3.442220
4.000000 0.018428 34.759753 4.369120 39.821600 3.257250 3.149870
4.000000 0.018970 33.932176 4.408870 44.473800 3.572540 2.982110
4.000000 0.019512 33.155927 5.179140 50.891400 3.972970 3.419840
4.200000 0.001084 134.070427 10.367300 6.156460 3.379880 8.189550
4.200000 0.001626 124.609121 9.007170 6.168010 2.919540 6.312210
4.200000 0.002168 118.141456 8.493060 6.259320 2.507430 6.881070
4.200000 0.002710 111.847377 8.561380 6.372540 2.148310 6.395120
4.200000 0.003252 105.214954 7.500070 6.591160 1.844760 5.120730
4.200000 0.003794 99.771147 8.096480 6.658370 1.597390 5.311760
4.200000 0.004336 96.786853 8.063410 6.842350 1.405110 5.318540
4.200000 0.004878 90.767543 7.208400 7.052510 1.265290 5.257100
4.200000 0.005420 87.866252 7.040430 7.289720 1.174020 4.440510
4.200000 0.005962 84.474759 5.234110 7.449330 1.126360 3.440080
4.200000 0.006504 80.468251 6.762810 7.883920 1.116560 3.944280
4.200000 0.007046 76.735466 5.937420 8.160960 1.138320 3.596330
4.200000 0.007588 74.443832 5.834030 8.720670 1.185030 3.615880
4.200000 0.008130 72.229304 6.069170 9.052370 1.250000 3.710810
4.200000 0.008672 69.104601 5.765890 9.445470 1.326660 3.321380
4.200000 0.009214 67.427733 8.321160 10.668600 1.408840 3.895080
4.200000 0.009756 64.733246 5.946210 10.445000 1.490880 3.379880
4.200000 0.010298 63.532288 5.787240 11.116600 1.567910 3.036810
4.200000 0.010840 61.136481 6.275600 11.922400 1.635900 2.867960
4.200000 0.011382 59.268898 4.698040 12.795600 1.691910 2.373760
4.200000 0.011924 57.488598 6.641960 13.834900 1.734100 3.130020
4.200000 0.012466 55.732485 6.620160 14.955500 1.761880 2.937220
4.200000 0.013008 54.190698 5.312290 16.177600 1.775940 2.742050
4.200000 0.013550 52.812693 6.126850 17.567800 1.778230 2.641320
4.200000 0.014092 51.365533 4.945460 18.925300 1.771990 2.624950
4.200000 0.014634 50.188190 5.588630 20.718100 1.761650 2.833490
4.200000 0.015176 48.804350 5.473380 22.854600 1.752720 2.920000
4.200000 0.015718 47.331042 5.119290 25.302600 1.751650 2.720220
4.200000 0.016260 46.058067 6.094330 27.698000 1.765590 3.430230
4.200000 0.016802 44.998601 6.667210 31.520700 1.802180 3.079730
4.200000 0.017344 43.850859 6.038450 35.077000 1.869180 3.729510
4.200000 0.017886 42.737691 6.425630 38.505500 1.974130 3.360540
4.200000 0.018428 41.819526 8.244890 42.653900 2.123910 4.879640
4.200000 0.018970 40.717494 6.226530 48.912100 2.324210 3.674660
4.200000 0.019512 39.979641 7.786370 55.669000 2.579020 4.967120
4.400000 0.001084 160.248161 13.290700 7.091640 3.580350 4.936010
4.400000 0.001626 149.287136 11.126800 7.061060 3.089350 3.260260
4.400000 0.002168 141.351122 11.630900 7.248340 2.650510 3.110730
4.400000 0.002710 133.563602 10.795700 7.305920 2.268600 2.810590
4.400000 0.003252 125.650542 13.163100 7.454320 1.946140 2.898990
4.400000 0.003794 119.703857 8.931310 7.611430 1.683600 2.210430
4.400000 0.004336 115.343219 10.080200 7.864530 1.479590 2.425360
4.400000 0.004878 108.833494 10.844100 7.958570 1.331180 2.222860
4.400000 0.005420 105.330583 9.580970 8.323440 1.234100 2.232680
4.400000 0.005962 101.084292 9.213200 8.743210 1.183020 2.175960
4.400000 0.006504 96.102794 8.533090 9.103080 1.171780 1.871340
4.400000 0.007046 91.752176 8.770040 9.354400 1.193680 2.161200
4.400000 0.007588 89.579674 11.502900 9.756250 1.241720 2.035460
4.400000 0.008130 86.095793 9.113390 10.006500 1.308830 1.903450
4.400000 0.008672 83.045431 6.749690 10.535200 1.388110 1.676110
4.400000 0.009214 80.559601 10.168200 11.344600 1.473070 2.007570
4.400000 0.009756 77.976776 7.828050 11.897300 1.557810 2.115470
4.400000 0.010298 76.183719 9.515240 12.333600 1.637220 2.142470
4.400000 0.010840 73.313216 8.197290 13.183100 1.707130 2.102600
4.400000 0.011382 71.010289 7.189570 14.206900 1.764470 2.179400
4.400000 0.011924 69.029588 8.035440 15.164500 1.807380 2.110530
4.400000 0.012466 66.864180 8.512580 16.417800 1.835260 2.487280
4.400000 0.013008 65.201919 9.570740 17.540100 1.848840 2.611800
4.400000 0.013550 63.393261 7.384700 19.368100 1.850190 2.625000
4.400000 0.014092 61.790582 7.376360 20.431400 1.842690 2.712270
4.400000 0.014634 60.270058 6.877170 23.273900 1.830970 2.306590
4.400000 0.015176 58.602355 8.125300 24.425800 1.820740 2.992930
4.400000 0.015718 56.929878 7.262550 27.658000 1.818710 2.509430
4.400000 0.016260 55.417699 9.144900 30.132100 1.832280 3.304080
4.400000 0.016802 54.140321 6.996800 33.256700 1.869340 2.931190
4.400000 0.017344 52.705196 9.063470 37.032200 1.937930 3.796040
4.400000 0.017886 51.654058 8.632360 41.221900 2.045800 4.077580
4.400000 0.018428 50.261631 6.773470 45.816500 2.200020 2.550690
4.400000 0.018970 49.191614 11.397000 51.293700 2.406450 5.460800
4.400000 0.019512 48.156487 8.582160 59.058500 2.669120 3.083070
4.600000 0.001084 191.416839 24.285500 8.058740 3.157310 9.754330
4.600000 0.001626 178.770893 21.527300 7.880560 2.667420 6.744540
4.600000 0.002168 169.075663 21.038900 8.063850 2.241330 6.438670
4.600000 0.002710 159.613847 24.873600 8.418140 1.879340 5.779620
4.600000 0.003252 150.221582 19.509500 8.426920 1.579810 5.029040
4.600000 0.003794 143.678431 18.068400 8.506130 1.339550 4.926090
4.600000 0.004336 137.695612 18.024600 8.864170 1.154150 4.360760
4.600000 0.004878 130.661351 12.953300 8.497940 1.018250 3.503170
4.600000 0.005420 126.224133 17.273800 9.125260 0.925904 4.144760
4.600000 0.005962 120.866356 27.007000 9.632100 0.870760 4.914390
4.600000 0.006504 114.973433 19.051400 10.157800 0.846326 4.845590
4.600000 0.007046 109.983558 9.037020 10.318300 0.846163 2.162070
4.600000 0.007588 107.897803 16.565400 10.912600 0.864070 3.591580
4.600000 0.008130 102.876523 11.940900 11.282000 0.894232 2.916660
4.600000 0.008672 99.928207 9.549970 11.521600 0.931353 2.875500
4.600000 0.009214 96.567918 15.941600 12.540900 0.970766 2.871590
4.600000 0.009756 94.092173 13.631100 12.888700 1.008520 3.190100
4.600000 0.010298 91.362397 9.628700 13.521600 1.041420 2.479540
4.600000 0.010840 88.087572 10.149200 14.277700 1.067100 1.868690
4.600000 0.011382 85.375829 14.076500 15.489800 1.084050 3.043000
4.600000 0.011924 83.053840 10.720300 16.679600 1.091540 2.035540
4.600000 0.012466 80.474655 13.492400 17.472700 1.089710 2.784200
4.600000 0.013008 78.622975 12.889800 18.931200 1.079440 2.904760
4.600000 0.013550 76.214994 12.911900 20.879200 1.062350 2.356080
4.600000 0.014092 74.522346 11.324800 22.010900 1.040670 2.780070
4.600000 0.014634 72.626436 11.077400 24.041800 1.017200 2.273300
4.600000 0.015176 70.630049 14.844000 25.785400 0.995166 3.004130
4.600000 0.015718 68.601818 12.099400 27.734900 0.978107 4.112130
4.600000 0.016260 66.866012 13.646800 30.903200 0.969718 3.840120
4.600000 0.016802 65.252687 16.422100 34.831800 0.973700 4.542450
4.600000 0.017344 63.807618 11.956000 37.813000 0.993587 4.427730
4.600000 0.017886 62.301832 11.797200 41.417200 1.032550 3.340120
4.600000 0.018428 60.711157 11.318200 45.802000 1.093220 3.677890
4.600000 0.018970 59.438668 12.313400 52.615400 1.177420 4.735280
4.600000 0.019512 58.178009 11.490700 59.294900 1.286000 2.855640
